Arguments: 
  C:\Program Files\nodejs\node.exe C:\Program Files (x86)\Yarn\bin\yarn.js add typescript-transform-paths

PATH: 
  C:\Program Files\Git\mingw64\bin;C:\Program Files\Git\usr\bin;C:\Users\PC\bin;C:\Python310\Scripts;C:\Python310;C:\ProgramData\Oracle\Java\javapath;C:\Program Files (x86)\Intel\Intel(R) Management Engine Components\iCLS;C:\Program Files\Intel\Intel(R) Management Engine Components\iCLS;C:\Windows\system32;C:\Windows;C:\Windows\System32\Wbem;C:\Windows\System32\WindowsPowerShell\v1.0;C:\Program Files (x86)\Intel\Intel(R) Management Engine Components\DAL;C:\Program Files\Intel\Intel(R) Management Engine Components\DAL;C:\Program Files (x86)\Intel\Intel(R) Management Engine Components\IPT;C:\Program Files\Intel\Intel(R) Management Engine Components\IPT;C:\Program Files (x86)\NVIDIA Corporation\PhysX\Common;C:\WINDOWS\system32;C:\WINDOWS;C:\WINDOWS\System32\Wbem;C:\WINDOWS\System32\WindowsPowerShell\v1.0;C:\WINDOWS\System32\OpenSSH;C:\Program Files\Intel\WiFi\bin;C:\Program Files\Common Files\Intel\WirelessCommon;C:\Program Files\Git\cmd;C:\Program Files\Git\mingw64\bin;C:\Program Files\Git\usr\bin;C:\Program Files\NVIDIA Corporation\NVIDIA NvDLISR;C:\WINDOWS\system32;C:\WINDOWS;C:\WINDOWS\System32\Wbem;C:\WINDOWS\System32\WindowsPowerShell\v1.0;C:\WINDOWS\System32\OpenSSH;C:\Program Files (x86)\Yarn\bin;C:\Program Files\Docker\Docker\resources\bin;C:\ProgramData\DockerDesktop\version-bin;C:\Program Files\Erlang OTP\bin;C:\Program Files\erl-24.3.4\bin;C:\Program Files (x86)\Elixir\bin;C:\WINDOWS\system32\config\systemprofile\.mix\escripts;C:\Program Files\nodejs;C:\ProgramData\chocolatey\bin;C:\Users\PC\AppData\Local\Microsoft\WindowsApps;C:\Program Files\Intel\WiFi\bin;C:\Program Files\Common Files\Intel\WirelessCommon;C:\Users\PC\AppData\Local\Programs\Microsoft VS Code\bin;C:\Users\PC\AppData\Local\Programs\Microsoft VS Code Insiders\bin;C:\Users\PC\AppData\Local\hyper\app-3.0.2\resources\bin;C:\Users\PC\AppData\Local\Yarn\bin;C:\Users\PC\AppData\Roaming\npm

Yarn version: 
  1.19.1

Node version: 
  16.16.0

Platform: 
  win32 x64

Trace: 
  SyntaxError: C:\Users\PC\Desktop\typescript-twitter-clone\packages\server\package.json: Unexpected token = in JSON at position 2538
      at JSON.parse (<anonymous>)
      at C:\Program Files (x86)\Yarn\lib\cli.js:1625:59
      at Generator.next (<anonymous>)
      at step (C:\Program Files (x86)\Yarn\lib\cli.js:304:30)
      at C:\Program Files (x86)\Yarn\lib\cli.js:315:13

npm manifest: 
  {
    "name": "@twtr/server",
    "version": "1.0.307",
    "main": "index.js",
    "author": "Kristiyan Todorov",
    "license": "MIT",
    "private": true,
    "scripts": {
      "build": "tsc",
      "lint": "eslint .",
      "lint:fix": "eslint . --fix",
      "start": "node ./build/index.js",
      "test": "jest --watchAll --runInBand --no-cache",
      "docs": "jsdoc -c jsdoc.json",
      "start-dev": "  nodemon --exec  ts-node -r tsconfig-paths/register --files src/index.ts NODE_ENV=development",
      "postinstall": "tsc"
    },
    "dependencies": {
      "@twtr/common": "^1.0.307",
      "bcryptjs": "^2.4.3",
      "body-parser": "^1.19.0",
      "cloudinary": "^1.19.0",
      "compression": "^1.7.4",
      "express": "^4.17.1",
      "helmet": "^3.19.0",
      "jsdoc": "^3.6.10",
      "jsonwebtoken": "^8.5.1",
      "lerna": "^5.4.0",
      "mjml": "^4.4.0",
      "mongoose": "^5.6.4",
      "mongoose-unique-validator": "^2.0.3",
      "multer": "^1.4.2",
      "nodemailer": "^6.3.0",
      "pm2": "^3.5.1",
      "rate-limiter-flexible": "^1.1.1",
      "typescript": "^4.7.4",
      "winston": "^3.2.1",
      "yup": "^0.27.0"
    },
    "devDependencies": {
      "@types/bcryptjs": "^2.4.2",
      "@types/body-parser": "^1.17.0",
      "@types/compression": "^0.0.36",
      "@types/express": "^4.17.0",
      "@types/faker": "^4.1.7",
      "@types/helmet": "^0.0.43",
      "@types/jest": "^24.0.15",
      "@types/jsonwebtoken": "^8.3.2",
      "@types/mjml": "^4.0.2",
      "@types/mock-fs": "^3.6.30",
      "@types/mongoose": "^5.5.8",
      "@types/multer": "^1.3.7",
      "@types/node": "^12.6.6",
      "@types/nodemailer": "^6.2.0",
      "@types/supertest": "^2.0.8",
      "@types/winston": "^2.4.4",
      "@types/yup": "^0.26.22",
      "@typescript-eslint/eslint-plugin": "^1.12.0",
      "@typescript-eslint/parser": "^1.12.0",
      "better": "^0.1.0",
      "better-docs": "^2.7.2",
      "concurrently": "^4.1.1",
      "dock": "^0.1.4",
      "dotenv": "^8.0.0",
      "eslint": "^6.0.1",
      "eslint-config-airbnb-typescript": "^4.0.1",
      "eslint-config-prettier": "^6.0.0",
      "eslint-plugin-import": "^2.18.2",
      "eslint-plugin-jest": "^22.12.0",
      "eslint-plugin-prettier": "^3.1.0",
      "faker": "^4.1.0",
      "jest": "^24.8.0",
      "jsdoc": "^3.6.10",
      "mock-fs": "^4.10.1",
      "node-mocks-http": "^1.7.6",
      "nodemon": "^1.19.1",
      "prettier": "^1.18.2",
      "supertest": "^4.0.2",
      "ts-jest": "^24.0.2",
      "ts-node": "^8.3.0",
      "tsconfig-paths": "^3.8.0",
      "typescript": "^3.7.2",
      "write-file-atomic": "^3.0.0"
    },
    "resolutions": {
      "write-file-atomic": "^2.4.1"
    },
  =
  }

yarn manifest: 
  No manifest

Lockfile: 
  No lockfile
